app/build/outputs/logs/manifest-merger-release-report.txt
-- Merging decision tree log ---
manifest
ADDED from src/main/AndroidManifest.xml:2:1-63:12
	package
		ADDED from src/main/AndroidManifest.xml:3:5-51
		INJECTED from src/main/AndroidManifest.xml
		INJECTED from src/main/AndroidManifest.xml
	android:versionName
		INJECTED from src/main/AndroidManifest.xml
		INJECTED from src/main/AndroidManifest.xml
	xmlns:android
		ADDED from src/main/AndroidManifest.xml:2:11-69
	android:versionCode
		INJECTED from src/main/AndroidManifest.xml
		INJECTED from src/main/AndroidManifest.xml
uses-permission#android.permission.INTERNET
ADDED from src/main/AndroidManifest.xml:6:5-67
MERGED from [com.google.android.gms:play-services-analytics:9.2.0] AndroidManifest.xml:21:5-67
MERGED from [com.google.android.gms:play-services-analytics-impl:9.2.0] AndroidManifest.xml:21:5-67
MERGED from [com.google.firebase:firebase-analytics:9.2.0] AndroidManifest.xml:21:5-67
MERGED from [com.google.firebase:firebase-analytics-impl:9.2.0] AndroidManifest.xml:21:5-67
MERGED from [com.google.firebase:firebase-iid:9.2.0] AndroidManifest.xml:21:5-67
	android:name
		ADDED from src/main/AndroidManifest.xml:6:22-64
uses-permission#android.permission.ACCESS_WIFI_STATE
ADDED from src/main/AndroidManifest.xml:7:5-76
	android:name
		ADDED from src/main/AndroidManifest.xml:7:22-73
uses-permission#android.permission.ACCESS_NETWORK_STATE
ADDED from src/main/AndroidManifest.xml:8:5-79
MERGED from [com.google.android.gms:play-services-analytics:9.2.0] AndroidManifest.xml:22:5-79
MERGED from [com.google.android.gms:play-services-analytics-impl:9.2.0] AndroidManifest.xml:22:5-79
MERGED from [com.google.firebase:firebase-analytics:9.2.0] AndroidManifest.xml:22:5-79
MERGED from [com.google.firebase:firebase-analytics-impl:9.2.0] AndroidManifest.xml:22:5-79
MERGED from [com.google.firebase:firebase-iid:9.2.0] AndroidManifest.xml:20:5-79
	android:name
		ADDED from src/main/AndroidManifest.xml:8:22-76
uses-permission#android.permission.VIBRATE
ADDED from src/main/AndroidManifest.xml:9:5-66
	android:name
		ADDED from src/main/AndroidManifest.xml:9:22-63
application
ADDED from src/main/AndroidManifest.xml:11:5-61:19
MERGED from [com.android.support:appcompat-v7:24.2.0] AndroidManifest.xml:25:5-20
MERGED from [com.android.support:support-vector-drawable:24.2.0] AndroidManifest.xml:23:5-20
MERGED from [com.android.support:support-compat:24.2.0] AndroidManifest.xml:25:5-20
MERGED from [com.android.support:animated-vector-drawable:24.2.0] AndroidManifest.xml:22:5-20
MERGED from [com.android.support:support-vector-drawable:24.2.0] AndroidManifest.xml:23:5-20
MERGED from [com.android.support:support-compat:24.2.0] AndroidManifest.xml:25:5-20
MERGED from [com.android.support:support-v4:24.2.0] AndroidManifest.xml:25:5-20
MERGED from [com.android.support:support-compat:24.2.0] AndroidManifest.xml:25:5-20
MERGED from [com.android.support:support-core-utils:24.2.0] AndroidManifest.xml:25:5-20
MERGED from [com.android.support:support-compat:24.2.0] AndroidManifest.xml:25:5-20
MERGED from [com.android.support:support-media-compat:24.2.0] AndroidManifest.xml:25:5-20
MERGED from [com.android.support:support-compat:24.2.0] AndroidManifest.xml:25:5-20
MERGED from [com.android.support:support-core-ui:24.2.0] AndroidManifest.xml:25:5-20
MERGED from [com.android.support:support-compat:24.2.0] AndroidManifest.xml:25:5-20
MERGED from [com.android.support:support-fragment:24.2.0] AndroidManifest.xml:25:5-20
MERGED from [com.android.support:support-compat:24.2.0] AndroidManifest.xml:25:5-20
MERGED from [com.android.support:support-core-utils:24.2.0] AndroidManifest.xml:25:5-20
MERGED from [com.android.support:support-compat:24.2.0] AndroidManifest.xml:25:5-20
MERGED from [com.android.support:support-media-compat:24.2.0] AndroidManifest.xml:25:5-20
MERGED from [com.android.support:support-compat:24.2.0] AndroidManifest.xml:25:5-20
MERGED from [com.android.support:support-core-ui:24.2.0] AndroidManifest.xml:25:5-20
MERGED from [com.android.support:support-compat:24.2.0] AndroidManifest.xml:25:5-20
MERGED from [com.android.support:design:24.2.0] AndroidManifest.xml:22:5-20
MERGED from [com.android.support:appcompat-v7:24.2.0] AndroidManifest.xml:25:5-20
MERGED from [com.android.support:support-vector-drawable:24.2.0] AndroidManifest.xml:23:5-20
MERGED from [com.android.support:support-compat:24.2.0] AndroidManifest.xml:25:5-20
MERGED from [com.android.support:animated-vector-drawable:24.2.0] AndroidManifest.xml:22:5-20
MERGED from [com.android.support:support-vector-drawable:24.2.0] AndroidManifest.xml:23:5-20
MERGED from [com.android.support:support-compat:24.2.0] AndroidManifest.xml:25:5-20
MERGED from [com.android.support:support-v4:24.2.0] AndroidManifest.xml:25:5-20
MERGED from [com.android.support:support-compat:24.2.0] AndroidManifest.xml:25:5-20
MERGED from [com.android.support:support-core-utils:24.2.0] AndroidManifest.xml:25:5-20
MERGED from [com.android.support:support-compat:24.2.0] AndroidManifest.xml:25:5-20
MERGED from [com.android.support:support-media-compat:24.2.0] AndroidManifest.xml:25:5-20
MERGED from [com.android.support:support-compat:24.2.0] AndroidManifest.xml:25:5-20
MERGED from [com.android.support:support-core-ui:24.2.0] AndroidManifest.xml:25:5-20
MERGED from [com.android.support:support-compat:24.2.0] AndroidManifest.xml:25:5-20
MERGED from [com.android.support:support-fragment:24.2.0] AndroidManifest.xml:25:5-20
MERGED from [com.android.support:support-compat:24.2.0] AndroidManifest.xml:25:5-20
MERGED from [com.android.support:support-core-utils:24.2.0] AndroidManifest.xml:25:5-20
MERGED from [com.android.support:support-compat:24.2.0] AndroidManifest.xml:25:5-20
MERGED from [com.android.support:support-media-compat:24.2.0] AndroidManifest.xml:25:5-20
MERGED from [com.android.support:support-compat:24.2.0] AndroidManifest.xml:25:5-20
MERGED from [com.android.support:support-core-ui:24.2.0] AndroidManifest.xml:25:5-20
MERGED from [com.android.support:support-compat:24.2.0] AndroidManifest.xml:25:5-20
MERGED from [com.android.support:support-v4:24.2.0] AndroidManifest.xml:25:5-20
MERGED from [com.android.support:support-compat:24.2.0] AndroidManifest.xml:25:5-20
MERGED from [com.android.support:support-core-utils:24.2.0] AndroidManifest.xml:25:5-20
MERGED from [com.android.support:support-compat:24.2.0] AndroidManifest.xml:25:5-20
MERGED from [com.android.support:support-media-compat:24.2.0] AndroidManifest.xml:25:5-20
MERGED from [com.android.support:support-compat:24.2.0] AndroidManifest.xml:25:5-20
MERGED from [com.android.support:support-core-ui:24.2.0] AndroidManifest.xml:25:5-20
MERGED from [com.android.support:support-compat:24.2.0] AndroidManifest.xml:25:5-20
MERGED from [com.android.support:support-fragment:24.2.0] AndroidManifest.xml:25:5-20
MERGED from [com.android.support:support-compat:24.2.0] AndroidManifest.xml:25:5-20
MERGED from [com.android.support:support-core-utils:24.2.0] AndroidManifest.xml:25:5-20
MERGED from [com.android.support:support-compat:24.2.0] AndroidManifest.xml:25:5-20
MERGED from [com.android.support:support-media-compat:24.2.0] AndroidManifest.xml:25:5-20
MERGED from [com.android.support:support-compat:24.2.0] AndroidManifest.xml:25:5-20
MERGED from [com.android.support:support-core-ui:24.2.0] AndroidManifest.xml:25:5-20
MERGED from [com.android.support:support-compat:24.2.0] AndroidManifest.xml:25:5-20
MERGED from [com.android.support:support-compat:24.2.0] AndroidManifest.xml:25:5-20
MERGED from [com.android.support:support-core-ui:24.2.0] AndroidManifest.xml:25:5-20
MERGED from [com.android.support:support-compat:24.2.0] AndroidManifest.xml:25:5-20
MERGED from [com.android.support:cardview-v7:24.2.0] AndroidManifest.xml:22:5-20
MERGED from [com.android.support:support-compat:24.2.0] AndroidManifest.xml:25:5-20
MERGED from [com.android.support:support-core-ui:24.2.0] AndroidManifest.xml:25:5-20
MERGED from [com.android.support:support-compat:24.2.0] AndroidManifest.xml:25:5-20
MERGED from [com.vk:androidsdk:1.6.5] AndroidManifest.xml:11:5-27:19
MERGED from [com.android.support:support-v4:24.2.0] AndroidManifest.xml:25:5-20
MERGED from [com.android.support:support-compat:24.2.0] AndroidManifest.xml:25:5-20
MERGED from [com.android.support:support-core-utils:24.2.0] AndroidManifest.xml:25:5-20
MERGED from [com.android.support:support-compat:24.2.0] AndroidManifest.xml:25:5-20
MERGED from [com.android.support:support-media-compat:24.2.0] AndroidManifest.xml:25:5-20
MERGED from [com.android.support:support-compat:24.2.0] AndroidManifest.xml:25:5-20
MERGED from [com.android.support:support-core-ui:24.2.0] AndroidManifest.xml:25:5-20
MERGED from [com.android.support:support-compat:24.2.0] AndroidManifest.xml:25:5-20
MERGED from [com.android.support:support-fragment:24.2.0] AndroidManifest.xml:25:5-20
MERGED from [com.android.support:support-compat:24.2.0] AndroidManifest.xml:25:5-20
MERGED from [com.android.support:support-core-utils:24.2.0] AndroidManifest.xml:25:5-20
MERGED from [com.android.support:support-compat:24.2.0] AndroidManifest.xml:25:5-20
MERGED from [com.android.support:support-media-compat:24.2.0] AndroidManifest.xml:25:5-20
MERGED from [com.android.support:support-compat:24.2.0] AndroidManifest.xml:25:5-20
MERGED from [com.android.support:support-core-ui:24.2.0] AndroidManifest.xml:25:5-20
MERGED from [com.android.support:support-compat:24.2.0] AndroidManifest.xml:25:5-20
MERGED from [com.android.support:support-v4:24.2.0] AndroidManifest.xml:25:5-20
MERGED from [com.android.support:support-compat:24.2.0] AndroidManifest.xml:25:5-20
MERGED from [com.android.support:support-core-utils:24.2.0] AndroidManifest.xml:25:5-20
MERGED from [com.android.support:support-compat:24.2.0] AndroidManifest.xml:25:5-20
MERGED from [com.android.support:support-media-compat:24.2.0] AndroidManifest.xml:25:5-20
MERGED from [com.android.support:support-compat:24.2.0] AndroidManifest.xml:25:5-20
MERGED from [com.android.support:support-core-ui:24.2.0] AndroidManifest.xml:25:5-20
MERGED from [com.android.support:support-compat:24.2.0] AndroidManifest.xml:25:5-20
MERGED from [com.android.support:support-fragment:24.2.0] AndroidManifest.xml:25:5-20
MERGED from [com.android.support:support-compat:24.2.0] AndroidManifest.xml:25:5-20
MERGED from [com.android.support:support-core-utils:24.2.0] AndroidManifest.xml:25:5-20
MERGED from [com.android.support:support-compat:24.2.0] AndroidManifest.xml:25:5-20
MERGED from [com.android.support:support-media-compat:24.2.0] AndroidManifest.xml:25:5-20
MERGED from [com.android.support:support-compat:24.2.0] AndroidManifest.xml:25:5-20
MERGED from [com.android.support:support-core-ui:24.2.0] AndroidManifest.xml:25:5-20
MERGED from [com.android.support:support-compat:24.2.0] AndroidManifest.xml:25:5-20
MERGED from [com.google.android.gms:play-services-analytics:9.2.0] AndroidManifest.xml:27:5-20
MERGED from [com.google.android.gms:play-services-analytics-impl:9.2.0] AndroidManifest.xml:27:5-20
MERGED from [com.google.android.gms:play-services-base:9.2.0] AndroidManifest.xml:19:5-23:19
MERGED from [com.google.android.gms:play-services-basement:9.2.0] AndroidManifest.xml:20:5-24:19
MERGED from [com.android.support:support-v4:24.2.0] AndroidManifest.xml:25:5-20
MERGED from [com.android.support:support-compat:24.2.0] AndroidManifest.xml:25:5-20
MERGED from [com.android.support:support-core-utils:24.2.0] AndroidManifest.xml:25:5-20
MERGED from [com.android.support:support-compat:24.2.0] AndroidManifest.xml:25:5-20
MERGED from [com.android.support:support-media-compat:24.2.0] AndroidManifest.xml:25:5-20
MERGED from [com.android.support:support-compat:24.2.0] AndroidManifest.xml:25:5-20
MERGED from [com.android.support:support-core-ui:24.2.0] AndroidManifest.xml:25:5-20
MERGED from [com.android.support:support-compat:24.2.0] AndroidManifest.xml:25:5-20
MERGED from [com.android.support:support-fragment:24.2.0] AndroidManifest.xml:25:5-20
MERGED from [com.android.support:support-compat:24.2.0] AndroidManifest.xml:25:5-20
MERGED from [com.android.support:support-core-utils:24.2.0] AndroidManifest.xml:25:5-20
MERGED from [com.android.support:support-compat:24.2.0] AndroidManifest.xml:25:5-20
MERGED from [com.android.support:support-media-compat:24.2.0] AndroidManifest.xml:25:5-20
MERGED from [com.android.support:support-compat:24.2.0] AndroidManifest.xml:25:5-20
MERGED from [com.android.support:support-core-ui:24.2.0] AndroidManifest.xml:25:5-20
MERGED from [com.android.support:support-compat:24.2.0] AndroidManifest.xml:25:5-20
MERGED from [com.google.android.gms:play-services-tasks:9.2.0] AndroidManifest.xml:5:5-20
MERGED from [com.google.android.gms:play-services-basement:9.2.0] AndroidManifest.xml:20:5-24:19
MERGED from [com.android.support:support-v4:24.2.0] AndroidManifest.xml:25:5-20
MERGED from [com.android.support:support-compat:24.2.0] AndroidManifest.xml:25:5-20
MERGED from [com.android.support:support-core-utils:24.2.0] AndroidManifest.xml:25:5-20
MERGED from [com.android.support:support-compat:24.2.0] AndroidManifest.xml:25:5-20
MERGED from [com.android.support:support-media-compat:24.2.0] AndroidManifest.xml:25:5-20
MERGED from [com.android.support:support-compat:24.2.0] AndroidManifest.xml:25:5-20
MERGED from [com.android.support:support-core-ui:24.2.0] AndroidManifest.xml:25:5-20
MERGED from [com.android.support:support-compat:24.2.0] AndroidManifest.xml:25:5-20
MERGED from [com.android.support:support-fragment:24.2.0] AndroidManifest.xml:25:5-20
MERGED from [com.android.support:support-compat:24.2.0] AndroidManifest.xml:25:5-20
MERGED from [com.android.support:support-core-utils:24.2.0] AndroidManifest.xml:25:5-20
MERGED from [com.android.support:support-compat:24.2.0] AndroidManifest.xml:25:5-20
MERGED from [com.android.support:support-media-compat:24.2.0] AndroidManifest.xml:25:5-20
MERGED from [com.android.support:support-compat:24.2.0] AndroidManifest.xml:25:5-20
MERGED from [com.android.support:support-core-ui:24.2.0] AndroidManifest.xml:25:5-20
MERGED from [com.android.support:support-compat:24.2.0] AndroidManifest.xml:25:5-20
MERGED from [com.google.android.gms:play-services-basement:9.2.0] AndroidManifest.xml:20:5-24:19
MERGED from [com.android.support:support-v4:24.2.0] AndroidManifest.xml:25:5-20
MERGED from [com.android.support:support-compat:24.2.0] AndroidManifest.xml:25:5-20
MERGED from [com.android.support:support-core-utils:24.2.0] AndroidManifest.xml:25:5-20
MERGED from [com.android.support:support-compat:24.2.0] AndroidManifest.xml:25:5-20
MERGED from [com.android.support:support-media-compat:24.2.0] AndroidManifest.xml:25:5-20
MERGED from [com.android.support:support-compat:24.2.0] AndroidManifest.xml:25:5-20
MERGED from [com.android.support:support-core-ui:24.2.0] AndroidManifest.xml:25:5-20
MERGED from [com.android.support:support-compat:24.2.0] AndroidManifest.xml:25:5-20
MERGED from [com.android.support:support-fragment:24.2.0] AndroidManifest.xml:25:5-20
MERGED from [com.android.support:support-compat:24.2.0] AndroidManifest.xml:25:5-20
MERGED from [com.android.support:support-core-utils:24.2.0] AndroidManifest.xml:25:5-20
MERGED from [com.android.support:support-compat:24.2.0] AndroidManifest.xml:25:5-20
MERGED from [com.android.support:support-media-compat:24.2.0] AndroidManifest.xml:25:5-20
MERGED from [com.android.support:support-compat:24.2.0] AndroidManifest.xml:25:5-20
MERGED from [com.android.support:support-core-ui:24.2.0] AndroidManifest.xml:25:5-20
MERGED from [com.android.support:support-compat:24.2.0] AndroidManifest.xml:25:5-20
MERGED from [com.google.android.gms:play-services-base:9.2.0] AndroidManifest.xml:19:5-23:19
MERGED from [com.google.android.gms:play-services-basement:9.2.0] AndroidManifest.xml:20:5-24:19
MERGED from [com.android.support:support-v4:24.2.0] AndroidManifest.xml:25:5-20
MERGED from [com.android.support:support-compat:24.2.0] AndroidManifest.xml:25:5-20
MERGED from [com.android.support:support-core-utils:24.2.0] AndroidManifest.xml:25:5-20
MERGED from [com.android.support:support-compat:24.2.0] AndroidManifest.xml:25:5-20
MERGED from [com.android.support:support-media-compat:24.2.0] AndroidManifest.xml:25:5-20
MERGED from [com.android.support:support-compat:24.2.0] AndroidManifest.xml:25:5-20
MERGED from [com.android.support:support-core-ui:24.2.0] AndroidManifest.xml:25:5-20
MERGED from [com.android.support:support-compat:24.2.0] AndroidManifest.xml:25:5-20
MERGED from [com.android.support:support-fragment:24.2.0] AndroidManifest.xml:25:5-20
MERGED from [com.android.support:support-compat:24.2.0] AndroidManifest.xml:25:5-20
MERGED from [com.android.support:support-core-utils:24.2.0] AndroidManifest.xml:25:5-20
MERGED from [com.android.support:support-compat:24.2.0] AndroidManifest.xml:25:5-20
MERGED from [com.android.support:support-media-compat:24.2.0] AndroidManifest.xml:25:5-20
MERGED from [com.android.support:support-compat:24.2.0] AndroidManifest.xml:25:5-20
MERGED from [com.android.support:support-core-ui:24.2.0] AndroidManifest.xml:25:5-20
MERGED from [com.android.support:support-compat:24.2.0] AndroidManifest.xml:25:5-20
MERGED from [com.google.android.gms:play-services-tasks:9.2.0] AndroidManifest.xml:5:5-20
MERGED from [com.google.android.gms:play-services-basement:9.2.0] AndroidManifest.xml:20:5-24:19
MERGED from [com.android.support:support-v4:24.2.0] AndroidManifest.xml:25:5-20
MERGED from [com.android.support:support-compat:24.2.0] AndroidManifest.xml:25:5-20
MERGED from [com.android.support:support-core-utils:24.2.0] AndroidManifest.xml:25:5-20
MERGED from [com.android.support:support-compat:24.2.0] AndroidManifest.xml:25:5-20
MERGED from [com.android.support:support-media-compat:24.2.0] AndroidManifest.xml:25:5-20
MERGED from [com.android.support:support-compat:24.2.0] AndroidManifest.xml:25:5-20
MERGED from [com.android.support:support-core-ui:24.2.0] AndroidManifest.xml:25:5-20
MERGED from [com.android.support:support-compat:24.2.0] AndroidManifest.xml:25:5-20
MERGED from [com.android.support:support-fragment:24.2.0] AndroidManifest.xml:25:5-20
MERGED from [com.android.support:support-compat:24.2.0] AndroidManifest.xml:25:5-20
MERGED from [com.android.support:support-core-utils:24.2.0] AndroidManifest.xml:25:5-20
MERGED from [com.android.support:support-compat:24.2.0] AndroidManifest.xml:25:5-20
MERGED from [com.android.support:support-media-compat:24.2.0] AndroidManifest.xml:25:5-20
MERGED from [com.android.support:support-compat:24.2.0] AndroidManifest.xml:25:5-20
MERGED from [com.android.support:support-core-ui:24.2.0] AndroidManifest.xml:25:5-20
MERGED from [com.android.support:support-compat:24.2.0] AndroidManifest.xml:25:5-20
MERGED from [com.google.android.gms:play-services-basement:9.2.0] AndroidManifest.xml:20:5-24:19
MERGED from [com.android.support:support-v4:24.2.0] AndroidManifest.xml:25:5-20
MERGED from [com.android.support:support-compat:24.2.0] AndroidManifest.xml:25:5-20
MERGED from [com.android.support:support-core-utils:24.2.0] AndroidManifest.xml:25:5-20
MERGED from [com.android.support:support-compat:24.2.0] AndroidManifest.xml:25:5-20
MERGED from [com.android.support:support-media-compat:24.2.0] AndroidManifest.xml:25:5-20
MERGED from [com.android.support:support-compat:24.2.0] AndroidManifest.xml:25:5-20
MERGED from [com.android.support:support-core-ui:24.2.0] AndroidManifest.xml:25:5-20
MERGED from [com.android.support:support-compat:24.2.0] AndroidManifest.xml:25:5-20
MERGED from [com.android.support:support-fragment:24.2.0] AndroidManifest.xml:25:5-20
MERGED from [com.android.support:support-compat:24.2.0] AndroidManifest.xml:25:5-20
MERGED from [com.android.support:support-core-utils:24.2.0] AndroidManifest.xml:25:5-20
MERGED from [com.android.support:support-compat:24.2.0] AndroidManifest.xml:25:5-20
MERGED from [com.android.support:support-media-compat:24.2.0] AndroidManifest.xml:25:5-20
MERGED from [com.android.support:support-compat:24.2.0] AndroidManifest.xml:25:5-20
MERGED from [com.android.support:support-core-ui:24.2.0] AndroidManifest.xml:25:5-20
MERGED from [com.android.support:support-compat:24.2.0] AndroidManifest.xml:25:5-20
MERGED from [com.android.support:support-v4:24.2.0] AndroidManifest.xml:25:5-20
MERGED from [com.android.support:support-compat:24.2.0] AndroidManifest.xml:25:5-20
MERGED from [com.android.support:support-core-utils:24.2.0] AndroidManifest.xml:25:5-20
MERGED from [com.android.support:support-compat:24.2.0] AndroidManifest.xml:25:5-20
MERGED from [com.android.support:support-media-compat:24.2.0] AndroidManifest.xml:25:5-20
MERGED from [com.android.support:support-compat:24.2.0] AndroidManifest.xml:25:5-20
MERGED from [com.android.support:support-core-ui:24.2.0] AndroidManifest.xml:25:5-20
MERGED from [com.android.support:support-compat:24.2.0] AndroidManifest.xml:25:5-20
MERGED from [com.android.support:support-fragment:24.2.0] AndroidManifest.xml:25:5-20
MERGED from [com.android.support:support-compat:24.2.0] AndroidManifest.xml:25:5-20
MERGED from [com.android.support:support-core-utils:24.2.0] AndroidManifest.xml:25:5-20
MERGED from [com.android.support:support-compat:24.2.0] AndroidManifest.xml:25:5-20
MERGED from [com.android.support:support-media-compat:24.2.0] AndroidManifest.xml:25:5-20
MERGED from [com.android.support:support-compat:24.2.0] AndroidManifest.xml:25:5-20
MERGED from [com.android.support:support-core-ui:24.2.0] AndroidManifest.xml:25:5-20
MERGED from [com.android.support:support-compat:24.2.0] AndroidManifest.xml:25:5-20
MERGED from [net.yanzm:mth:1.0.4] AndroidManifest.xml:12:5-20
MERGED from [com.android.support:appcompat-v7:24.2.0] AndroidManifest.xml:25:5-20
MERGED from [com.android.support:support-vector-drawable:24.2.0] AndroidManifest.xml:23:5-20
MERGED from [com.android.support:support-compat:24.2.0] AndroidManifest.xml:25:5-20
MERGED from [com.android.support:animated-vector-drawable:24.2.0] AndroidManifest.xml:22:5-20
MERGED from [com.android.support:support-vector-drawable:24.2.0] AndroidManifest.xml:23:5-20
MERGED from [com.android.support:support-compat:24.2.0] AndroidManifest.xml:25:5-20
MERGED from [com.android.support:support-v4:24.2.0] AndroidManifest.xml:25:5-20
MERGED from [com.android.support:support-compat:24.2.0] AndroidManifest.xml:25:5-20
MERGED from [com.android.support:support-core-utils:24.2.0] AndroidManifest.xml:25:5-20
MERGED from [com.android.support:support-compat:24.2.0] AndroidManifest.xml:25:5-20
MERGED from [com.android.support:support-media-compat:24.2.0] AndroidManifest.xml:25:5-20
MERGED from [com.android.support:support-compat:24.2.0] AndroidManifest.xml:25:5-20
MERGED from [com.android.support:support-core-ui:24.2.0] AndroidManifest.xml:25:5-20
MERGED from [com.android.support:support-compat:24.2.0] AndroidManifest.xml:25:5-20
MERGED from [com.android.support:support-fragment:24.2.0] AndroidManifest.xml:25:5-20
MERGED from [com.android.support:support-compat:24.2.0] AndroidManifest.xml:25:5-20
MERGED from [com.android.support:support-core-utils:24.2.0] AndroidManifest.xml:25:5-20
MERGED from [com.android.support:support-compat:24.2.0] AndroidManifest.xml:25:5-20
MERGED from [com.android.support:support-media-compat:24.2.0] AndroidManifest.xml:25:5-20
MERGED from [com.android.support:support-compat:24.2.0] AndroidManifest.xml:25:5-20
MERGED from [com.android.support:support-core-ui:24.2.0] AndroidManifest.xml:25:5-20
MERGED from [com.android.support:support-compat:24.2.0] AndroidManifest.xml:25:5-20
MERGED from [com.github.markushi:android-ui:1.2] AndroidManifest.xml:9:5-10:19
MERGED from [com.android.support:appcompat-v7:24.2.0] AndroidManifest.xml:25:5-20
MERGED from [com.android.support:support-vector-drawable:24.2.0] AndroidManifest.xml:23:5-20
MERGED from [com.android.support:support-compat:24.2.0] AndroidManifest.xml:25:5-20
MERGED from [com.android.support:animated-vector-drawable:24.2.0] AndroidManifest.xml:22:5-20
MERGED from [com.android.support:support-vector-drawable:24.2.0] AndroidManifest.xml:23:5-20
MERGED from [com.android.support:support-compat:24.2.0] AndroidManifest.xml:25:5-20
MERGED from [com.android.support:support-v4:24.2.0] AndroidManifest.xml:25:5-20
MERGED from [com.android.support:support-compat:24.2.0] AndroidManifest.xml:25:5-20
MERGED from [com.android.support:support-core-utils:24.2.0] AndroidManifest.xml:25:5-20
MERGED from [com.android.support:support-compat:24.2.0] AndroidManifest.xml:25:5-20
MERGED from [com.android.support:support-media-compat:24.2.0] AndroidManifest.xml:25:5-20
MERGED from [com.android.support:support-compat:24.2.0] AndroidManifest.xml:25:5-20
MERGED from [com.android.support:support-core-ui:24.2.0] AndroidManifest.xml:25:5-20
MERGED from [com.android.support:support-compat:24.2.0] AndroidManifest.xml:25:5-20
MERGED from [com.android.support:support-fragment:24.2.0] AndroidManifest.xml:25:5-20
MERGED from [com.android.support:support-compat:24.2.0] AndroidManifest.xml:25:5-20
MERGED from [com.android.support:support-core-utils:24.2.0] AndroidManifest.xml:25:5-20
MERGED from [com.android.support:support-compat:24.2.0] AndroidManifest.xml:25:5-20
MERGED from [com.android.support:support-media-compat:24.2.0] AndroidManifest.xml:25:5-20
MERGED from [com.android.support:support-compat:24.2.0] AndroidManifest.xml:25:5-20
MERGED from [com.android.support:support-core-ui:24.2.0] AndroidManifest.xml:25:5-20
MERGED from [com.android.support:support-compat:24.2.0] AndroidManifest.xml:25:5-20
MERGED from [com.google.firebase:firebase-core:9.2.0] AndroidManifest.xml:5:5-20
MERGED from [com.google.firebase:firebase-analytics:9.2.0] AndroidManifest.xml:26:5-41:19
MERGED from [com.google.android.gms:play-services-basement:9.2.0] AndroidManifest.xml:20:5-24:19
MERGED from [com.android.support:support-v4:24.2.0] AndroidManifest.xml:25:5-20
MERGED from [com.android.support:support-compat:24.2.0] AndroidManifest.xml:25:5-20
MERGED from [com.android.support:support-core-utils:24.2.0] AndroidManifest.xml:25:5-20
MERGED from [com.android.support:support-compat:24.2.0] AndroidManifest.xml:25:5-20
MERGED from [com.android.support:support-media-compat:24.2.0] AndroidManifest.xml:25:5-20
MERGED from [com.android.support:support-compat:24.2.0] AndroidManifest.xml:25:5-20
MERGED from [com.android.support:support-core-ui:24.2.0] AndroidManifest.xml:25:5-20
MERGED from [com.android.support:support-compat:24.2.0] AndroidManifest.xml:25:5-20
MERGED from [com.android.support:support-fragment:24.2.0] AndroidManifest.xml:25:5-20
MERGED from [com.android.support:support-compat:24.2.0] AndroidManifest.xml:25:5-20
MERGED from [com.android.support:support-core-utils:24.2.0] AndroidManifest.xml:25:5-20
MERGED from [com.android.support:support-compat:24.2.0] AndroidManifest.xml:25:5-20
MERGED from [com.android.support:support-media-compat:24.2.0] AndroidManifest.xml:25:5-20
MERGED from [com.android.support:support-compat:24.2.0] AndroidManifest.xml:25:5-20
MERGED from [com.android.support:support-core-ui:24.2.0] AndroidManifest.xml:25:5-20
MERGED from [com.android.support:support-compat:24.2.0] AndroidManifest.xml:25:5-20
MERGED from [com.google.firebase:firebase-common:9.2.0] AndroidManifest.xml:5:5-12:19
MERGED from [com.google.android.gms:play-services-basement:9.2.0] AndroidManifest.xml:20:5-24:19
MERGED from [com.android.support:support-v4:24.2.0] AndroidManifest.xml:25:5-20
MERGED from [com.android.support:support-compat:24.2.0] AndroidManifest.xml:25:5-20
MERGED from [com.android.support:support-core-utils:24.2.0] AndroidManifest.xml:25:5-20
MERGED from [com.android.support:support-compat:24.2.0] AndroidManifest.xml:25:5-20
MERGED from [com.android.support:support-media-compat:24.2.0] AndroidManifest.xml:25:5-20
MERGED from [com.android.support:support-compat:24.2.0] AndroidManifest.xml:25:5-20
MERGED from [com.android.support:support-core-ui:24.2.0] AndroidManifest.xml:25:5-20
MERGED from [com.android.support:support-compat:24.2.0] AndroidManifest.xml:25:5-20
MERGED from [com.android.support:support-fragment:24.2.0] AndroidManifest.xml:25:5-20
MERGED from [com.android.support:support-compat:24.2.0] AndroidManifest.xml:25:5-20
MERGED from [com.android.support:support-core-utils:24.2.0] AndroidManifest.xml:25:5-20
MERGED from [com.android.support:support-compat:24.2.0] AndroidManifest.xml:25:5-20
MERGED from [com.android.support:support-media-compat:24.2.0] AndroidManifest.xml:25:5-20
MERGED from [com.android.support:support-compat:24.2.0] AndroidManifest.xml:25:5-20
MERGED from [com.android.support:support-core-ui:24.2.0] AndroidManifest.xml:25:5-20
MERGED from [com.android.support:support-compat:24.2.0] AndroidManifest.xml:25:5-20
MERGED from [com.google.android.gms:play-services-tasks:9.2.0] AndroidManifest.xml:5:5-20
MERGED from [com.google.android.gms:play-services-basement:9.2.0] AndroidManifest.xml:20:5-24:19
MERGED from [com.android.support:support-v4:24.2.0] AndroidManifest.xml:25:5-20
MERGED from [com.android.support:support-compat:24.2.0] AndroidManifest.xml:25:5-20
MERGED from [com.android.support:support-core-utils:24.2.0] AndroidManifest.xml:25:5-20
MERGED from [com.android.support:support-compat:24.2.0] AndroidManifest.xml:25:5-20
MERGED from [com.android.support:support-media-compat:24.2.0] AndroidManifest.xml:25:5-20
MERGED from [com.android.support:support-compat:24.2.0] AndroidManifest.xml:25:5-20
MERGED from [com.android.support:support-core-ui:24.2.0] AndroidManifest.xml:25:5-20
MERGED from [com.android.support:support-compat:24.2.0] AndroidManifest.xml:25:5-20
MERGED from [com.android.support:support-fragment:24.2.0] AndroidManifest.xml:25:5-20
MERGED from [com.android.support:support-compat:24.2.0] AndroidManifest.xml:25:5-20
MERGED from [com.android.support:support-core-utils:24.2.0] AndroidManifest.xml:25:5-20
MERGED from [com.android.support:support-compat:24.2.0] AndroidManifest.xml:25:5-20
MERGED from [com.android.support:support-media-compat:24.2.0] AndroidManifest.xml:25:5-20
MERGED from [com.android.support:support-compat:24.2.0] AndroidManifest.xml:25:5-20